TN:
SF:/home/runner/work/Enaga/Enaga/Plugin/Source/audio/generators/brown_noise_generator.cpp
FN:10,10,_ZN19BrownNoiseGenerator5ResetEv
FN:12,16,_ZN19BrownNoiseGenerator10NextSampleEm
FN:8,8,_ZN19BrownNoiseGenerator7PrepareEd
FNDA:2,_ZN19BrownNoiseGenerator5ResetEv
FNDA:4096,_ZN19BrownNoiseGenerator10NextSampleEm
FNDA:1,_ZN19BrownNoiseGenerator7PrepareEd
FNF:3
FNH:3
DA:8,1
DA:10,2
DA:12,4096
DA:13,4096
DA:14,4096
DA:15,4096
LF:6
LH:6
end_of_record
TN:
SF:/home/runner/work/Enaga/Enaga/Plugin/Source/audio/generators/grey_noise_generator.cpp
FN:25,28,_ZN18GreyNoiseGenerator5ResetEv
FN:30,36,_ZN18GreyNoiseGenerator10NextSampleEm
FN:8,23,_ZN18GreyNoiseGenerator7PrepareEd
FNDA:2,_ZN18GreyNoiseGenerator5ResetEv
FNDA:4096,_ZN18GreyNoiseGenerator10NextSampleEm
FNDA:1,_ZN18GreyNoiseGenerator7PrepareEd
FNF:3
FNH:3
BRDA:16,0,0,2
BRDA:16,0,1,1
BRDA:26,0,0,4
BRDA:26,0,1,2
BRDA:27,0,0,12
BRDA:27,0,1,4
BRDA:33,0,0,12288
BRDA:33,0,1,4096
BRF:8
BRH:8
DA:8,1
DA:10,1
DA:12,1
DA:14,1
DA:16,3
DA:17,2
DA:18,2
DA:19,2
DA:22,1
DA:23,1
DA:25,2
DA:26,6
DA:27,16
DA:28,2
DA:30,4096
DA:31,4096
DA:33,16384
DA:35,4096
LF:18
LH:18
end_of_record
TN:
SF:/home/runner/work/Enaga/Enaga/Plugin/Source/audio/generators/noise_generator.h
FN:19,19,_ZN14NoiseGeneratorD0Ev
FN:19,19,_ZN14NoiseGeneratorD2Ev
FNDA:0,_ZN14NoiseGeneratorD0Ev
FNDA:8,_ZN14NoiseGeneratorD2Ev
FNF:2
FNH:1
DA:19,8
LF:1
LH:1
end_of_record
TN:
SF:/home/runner/work/Enaga/Enaga/Plugin/Source/audio/generators/pink_noise_generator.cpp
FN:10,12,_ZN18PinkNoiseGenerator5ResetEv
FN:14,29,_ZN18PinkNoiseGenerator10NextSampleEm
FN:8,8,_ZN18PinkNoiseGenerator7PrepareEd
FNDA:2,_ZN18PinkNoiseGenerator5ResetEv
FNDA:4096,_ZN18PinkNoiseGenerator10NextSampleEm
FNDA:1,_ZN18PinkNoiseGenerator7PrepareEd
FNF:3
FNH:3
BRDA:11,0,0,4
BRDA:11,0,1,2
BRF:2
BRH:2
DA:8,1
DA:10,2
DA:11,6
DA:12,2
DA:14,4096
DA:15,4096
DA:16,4096
DA:18,4096
DA:19,4096
DA:20,4096
DA:21,4096
DA:22,4096
DA:23,4096
DA:25,4096
DA:26,4096
DA:28,4096
LF:16
LH:16
end_of_record
TN:
SF:/home/runner/work/Enaga/Enaga/Plugin/Source/audio/generators/white_noise_generator.cpp
FN:10,10,_ZN19WhiteNoiseGenerator5ResetEv
FN:12,14,_ZN19WhiteNoiseGenerator10NextSampleEm
FN:8,8,_ZN19WhiteNoiseGenerator7PrepareEd
FNDA:1,_ZN19WhiteNoiseGenerator5ResetEv
FNDA:4096,_ZN19WhiteNoiseGenerator10NextSampleEm
FNDA:1,_ZN19WhiteNoiseGenerator7PrepareEd
FNF:3
FNH:3
DA:8,1
DA:10,1
DA:12,4096
DA:13,4096
LF:4
LH:4
end_of_record
TN:
SF:/home/runner/work/Enaga/Enaga/Plugin/Source/audio/lfo_engine.cpp
FN:12,27,_ZN9LfoEngine4TickEid
FN:29,32,_ZNK9LfoEngine10ApplyToMaxEff
FN:34,36,_ZN9LfoEngine7SetRateEf
FN:38,41,_ZN9LfoEngine12SetIntensityEf
FN:43,45,_ZN9LfoEngine7SetModeE7LfoMode
FN:47,49,_ZNK9LfoEngine7GetModeEv
FN:51,53,_ZNK9LfoEngine12GetIntensityEv
FN:55,55,_ZN9LfoEngine5ResetEv
FNDA:16,_ZN9LfoEngine4TickEid
FNDA:0,_ZNK9LfoEngine10ApplyToMaxEff
FNDA:0,_ZN9LfoEngine7SetRateEf
FNDA:0,_ZN9LfoEngine12SetIntensityEf
FNDA:0,_ZN9LfoEngine7SetModeE7LfoMode
FNDA:16,_ZNK9LfoEngine7GetModeEv
FNDA:0,_ZNK9LfoEngine12GetIntensityEv
FNDA:1,_ZN9LfoEngine5ResetEv
FNF:8
FNH:3
BRDA:13,0,0,0
BRDA:13,0,1,16
BRDA:23,0,0,0
BRDA:23,0,1,16
BRF:4
BRH:2
DA:12,16
DA:13,16
DA:16,16
DA:18,16
DA:19,16
DA:20,16
DA:23,16
DA:24,0
DA:26,16
DA:29,0
DA:30,0
DA:31,0
DA:34,0
DA:35,0
DA:36,0
DA:38,0
DA:39,0
DA:41,0
DA:43,0
DA:44,0
DA:45,0
DA:47,16
DA:48,32
DA:51,0
DA:52,0
DA:55,1
LF:26
LH:11
end_of_record
TN:
SF:/home/runner/work/Enaga/Enaga/Plugin/Source/audio/noise_audio_source.cpp
FN:10,13,_ZN16NoiseAudioSource9SetCutoffEf
FN:138,146,_ZN16NoiseAudioSource15UpdateLpFiltersEv
FN:15,17,_ZN16NoiseAudioSource7SetGainEf
FN:19,21,_ZN16NoiseAudioSource12SetNoiseTypeE9NoiseType
FN:23,25,_ZN16NoiseAudioSource10SetLfoRateEf
FN:27,29,_ZN16NoiseAudioSource15SetLfoIntensityEf
FN:31,31,_ZN16NoiseAudioSource10SetLfoModeE7LfoMode
FN:33,35,_ZN16NoiseAudioSource11StartFadeInEv
FN:37,39,_ZN16NoiseAudioSource12StartFadeOutEv
FN:41,60,_ZN16NoiseAudioSource13prepareToPlayEid
FN:62,69,_ZN16NoiseAudioSource16releaseResourcesEv
FN:71,82,_ZN16NoiseAudioSource15ActiveGeneratorEv
FN:84,136,_ZN16NoiseAudioSource17getNextAudioBlockERKN4juce22AudioSourceChannelInfoE
FNDA:0,_ZN16NoiseAudioSource9SetCutoffEf
FNDA:1,_ZN16NoiseAudioSource15UpdateLpFiltersEv
FNDA:0,_ZN16NoiseAudioSource7SetGainEf
FNDA:4,_ZN16NoiseAudioSource12SetNoiseTypeE9NoiseType
FNDA:0,_ZN16NoiseAudioSource10SetLfoRateEf
FNDA:0,_ZN16NoiseAudioSource15SetLfoIntensityEf
FNDA:0,_ZN16NoiseAudioSource10SetLfoModeE7LfoMode
FNDA:4,_ZN16NoiseAudioSource11StartFadeInEv
FNDA:4,_ZN16NoiseAudioSource12StartFadeOutEv
FNDA:1,_ZN16NoiseAudioSource13prepareToPlayEid
FNDA:1,_ZN16NoiseAudioSource16releaseResourcesEv
FNDA:16,_ZN16NoiseAudioSource15ActiveGeneratorEv
FNDA:16,_ZN16NoiseAudioSource17getNextAudioBlockERKN4juce22AudioSourceChannelInfoE
FNF:13
FNH:8
BRDA:47,0,0,1
BRDA:47,0,1,0
BRDA:52,0,0,2
BRDA:52,0,1,1
BRDA:63,0,0,2
BRDA:63,0,1,1
BRDA:72,0,0,4
BRDA:72,0,1,4
BRDA:72,0,2,4
BRDA:72,0,3,4
BRDA:93,0,0,0
BRDA:93,0,1,16
BRDA:94,0,0,16
BRDA:94,0,1,0
BRDA:98,0,0,0
BRDA:98,0,1,16
BRDA:108,0,0,0
BRDA:108,0,1,16
BRDA:109,0,0,16
BRDA:109,0,1,0
BRDA:115,0,0,32
BRDA:115,0,1,16
BRDA:119,0,0,16384
BRDA:119,0,1,32
BRDA:127,0,0,16384
BRDA:127,0,1,32
BRDA:129,0,0,16384
BRDA:129,0,1,0
BRDA:130,0,0,16384
BRDA:130,0,1,0
BRDA:134,0,0,16
BRDA:134,0,1,16
BRDA:139,0,0,0
BRDA:139,0,1,1
BRDA:145,0,0,2
BRDA:145,0,1,1
BRF:36
BRH:27
DA:10,0
DA:11,0
DA:13,0
DA:15,0
DA:16,0
DA:17,0
DA:19,4
DA:20,4
DA:21,4
DA:23,0
DA:24,0
DA:25,0
DA:27,0
DA:28,0
DA:29,0
DA:31,0
DA:33,4
DA:34,4
DA:35,4
DA:37,4
DA:38,4
DA:39,4
DA:41,1
DA:43,1
DA:44,1
DA:45,1
DA:46,1
DA:47,1
DA:50,1
DA:51,1
DA:52,3
DA:54,1
DA:56,1
DA:57,1
DA:58,1
DA:59,1
DA:60,1
DA:62,1
DA:63,3
DA:65,1
DA:66,1
DA:67,1
DA:68,1
DA:69,1
DA:71,16
DA:72,32
DA:73,4
DA:74,4
DA:75,4
DA:76,4
DA:77,4
DA:78,4
DA:79,4
DA:80,4
DA:84,16
DA:87,16
DA:88,16
DA:91,16
DA:93,16
DA:94,32
DA:95,16
DA:98,16
DA:99,0
DA:100,0
DA:103,16
DA:104,16
DA:108,16
DA:109,32
DA:110,16
DA:113,16
DA:115,48
DA:116,32
DA:117,32
DA:119,16416
DA:121,32
DA:126,32
DA:127,16416
DA:128,16384
DA:129,16384
DA:130,16384
DA:131,0
DA:134,32
DA:136,16
DA:138,1
DA:139,1
DA:143,1
DA:144,1
DA:145,3
DA:146,1
LF:89
LH:73
end_of_record
TN:
SF:/home/runner/work/Enaga/Enaga/Plugin/Source/editor.cpp
FN:12,21,_ZN12_GLOBAL__N_119BuildAudioCallbacksER18EnagaEditorActions
FN:14,14,_ZZN12_GLOBAL__N_119BuildAudioCallbacksER18EnagaEditorActionsENKUlbE_clEb
FN:15,15,_ZZN12_GLOBAL__N_119BuildAudioCallbacksER18EnagaEditorActionsENKUlfE_clEf
FN:16,16,_ZZN12_GLOBAL__N_119BuildAudioCallbacksER18EnagaEditorActionsENKUlfE0_clEf
FN:17,17,_ZZN12_GLOBAL__N_119BuildAudioCallbacksER18EnagaEditorActionsENKUlfE1_clEf
FN:18,18,_ZZN12_GLOBAL__N_119BuildAudioCallbacksER18EnagaEditorActionsENKUlfE2_clEf
FN:19,19,_ZZN12_GLOBAL__N_119BuildAudioCallbacksER18EnagaEditorActionsENKUlfE3_clEf
FN:20,20,_ZZN12_GLOBAL__N_119BuildAudioCallbacksER18EnagaEditorActionsENKUl7LfoModeE_clES2_
FN:29,40,_ZN11EnagaEditorC2ER14EnagaProcessor
FN:42,44,_ZN11EnagaEditorD0Ev
FN:42,44,_ZN11EnagaEditorD2Ev
FN:50,50,_ZN11EnagaEditor7resizedEv
FNDA:0,_ZN12_GLOBAL__N_119BuildAudioCallbacksER18EnagaEditorActions
FNDA:0,_ZZN12_GLOBAL__N_119BuildAudioCallbacksER18EnagaEditorActionsENKUlbE_clEb
FNDA:0,_ZZN12_GLOBAL__N_119BuildAudioCallbacksER18EnagaEditorActionsENKUlfE_clEf
FNDA:0,_ZZN12_GLOBAL__N_119BuildAudioCallbacksER18EnagaEditorActionsENKUlfE0_clEf
FNDA:0,_ZZN12_GLOBAL__N_119BuildAudioCallbacksER18EnagaEditorActionsENKUlfE1_clEf
FNDA:0,_ZZN12_GLOBAL__N_119BuildAudioCallbacksER18EnagaEditorActionsENKUlfE2_clEf
FNDA:0,_ZZN12_GLOBAL__N_119BuildAudioCallbacksER18EnagaEditorActionsENKUlfE3_clEf
FNDA:0,_ZZN12_GLOBAL__N_119BuildAudioCallbacksER18EnagaEditorActionsENKUl7LfoModeE_clES2_
FNDA:0,_ZN11EnagaEditorC2ER14EnagaProcessor
FNDA:0,_ZN11EnagaEditorD0Ev
FNDA:0,_ZN11EnagaEditorD2Ev
FNDA:0,_ZN11EnagaEditor7resizedEv
FNF:12
FNH:0
BRDA:32,0,0,-
BRDA:32,e0,1,-
BRDA:32,0,2,-
BRDA:32,e0,3,-
BRDA:35,0,0,-
BRDA:35,e0,1,-
BRDA:37,0,0,-
BRDA:37,e0,1,-
BRDA:39,0,0,-
BRDA:39,e0,1,-
BRF:10
BRH:0
DA:12,0
DA:13,0
DA:14,0
DA:15,0
DA:16,0
DA:17,0
DA:18,0
DA:19,0
DA:20,0
DA:29,0
DA:31,0
DA:32,0
DA:33,0
DA:35,0
DA:37,0
DA:38,0
DA:39,0
DA:40,0
DA:42,0
DA:43,0
DA:44,0
DA:50,0
LF:22
LH:0
end_of_record
TN:
SF:/home/runner/work/Enaga/Enaga/Plugin/Source/editor.h
FN:42,42,_ZN11EnagaEditor24getLeakedObjectClassNameEv
FNDA:0,_ZN11EnagaEditor24getLeakedObjectClassNameEv
FNF:1
FNH:0
DA:42,0
LF:1
LH:0
end_of_record
TN:
SF:/home/runner/work/Enaga/Enaga/Plugin/Source/editor_actions.cpp
FN:10,17,_ZN18EnagaEditorActions16HandlePlayToggleEb
FN:19,21,_ZN18EnagaEditorActions12HandleCutoffEf
FN:23,25,_ZN18EnagaEditorActions10HandleGainEf
FN:27,31,_ZN18EnagaEditorActions24HandleNoiseTypeSelectionEf
FN:33,35,_ZN18EnagaEditorActions13HandleLfoRateEf
FN:37,39,_ZN18EnagaEditorActions18HandleLfoIntensityEf
FN:41,43,_ZN18EnagaEditorActions13HandleLfoModeE7LfoMode
FNDA:2,_ZN18EnagaEditorActions16HandlePlayToggleEb
FNDA:1,_ZN18EnagaEditorActions12HandleCutoffEf
FNDA:1,_ZN18EnagaEditorActions10HandleGainEf
FNDA:3,_ZN18EnagaEditorActions24HandleNoiseTypeSelectionEf
FNDA:1,_ZN18EnagaEditorActions13HandleLfoRateEf
FNDA:1,_ZN18EnagaEditorActions18HandleLfoIntensityEf
FNDA:1,_ZN18EnagaEditorActions13HandleLfoModeE7LfoMode
FNF:7
FNH:7
BRDA:11,0,0,1
BRDA:11,0,1,1
BRF:2
BRH:2
DA:10,2
DA:11,2
DA:12,1
DA:13,1
DA:16,1
DA:19,1
DA:20,1
DA:21,1
DA:23,1
DA:24,1
DA:25,1
DA:27,3
DA:29,3
DA:30,3
DA:31,3
DA:33,1
DA:34,1
DA:35,1
DA:37,1
DA:38,1
DA:39,1
DA:41,1
DA:42,1
DA:43,1
LF:24
LH:24
end_of_record
TN:
SF:/home/runner/work/Enaga/Enaga/Plugin/Source/editor_actions.h
FN:19,20,_ZN18EnagaEditorActionsC2ER22EnagaProcessorControls
FNDA:2,_ZN18EnagaEditorActionsC2ER22EnagaProcessorControls
FNF:1
FNH:1
DA:19,2
DA:20,2
LF:2
LH:2
end_of_record
TN:
SF:/home/runner/work/Enaga/Enaga/Plugin/Source/entry.cpp
FN:13,15,_Z18createPluginFilterv
FNDA:1,_Z18createPluginFilterv
FNF:1
FNH:1
BRDA:14,0,0,1
BRDA:14,e0,1,0
BRDA:14,0,2,0
BRDA:14,0,3,0
BRF:4
BRH:1
DA:13,1
DA:14,1
LF:2
LH:2
end_of_record
TN:
SF:/home/runner/work/Enaga/Enaga/Plugin/Source/processor.cpp
FN:14,16,_ZN14EnagaProcessorC2Ev
FN:22,24,_ZN14EnagaProcessor9SetCutoffEf
FN:26,28,_ZN14EnagaProcessor7SetGainEf
FN:30,32,_ZN14EnagaProcessor12SetNoiseTypeE9NoiseType
FN:34,36,_ZN14EnagaProcessor10SetLfoRateEf
FN:38,40,_ZN14EnagaProcessor15SetLfoIntensityEf
FN:42,44,_ZN14EnagaProcessor10SetLfoModeE7LfoMode
FN:46,46,_ZN14EnagaProcessor11StartFadeInEv
FN:48,48,_ZN14EnagaProcessor12StartFadeOutEv
FN:54,57,_ZN14EnagaProcessor13prepareToPlayEdi
FN:59,59,_ZN14EnagaProcessor16releaseResourcesEv
FN:61,64,_ZN14EnagaProcessor12processBlockERN4juce11AudioBufferIfEERNS0_10MidiBufferE
FN:66,68,_ZN14EnagaProcessor12createEditorEv
FN:70,70,_ZNK14EnagaProcessor7getNameEv
FN:72,74,_ZN14EnagaProcessor19getStateInformationERN4juce11MemoryBlockE
FN:76,79,_ZN14EnagaProcessor19setStateInformationEPKvi
FNDA:1,_ZN14EnagaProcessorC2Ev
FNDA:0,_ZN14EnagaProcessor9SetCutoffEf
FNDA:0,_ZN14EnagaProcessor7SetGainEf
FNDA:0,_ZN14EnagaProcessor12SetNoiseTypeE9NoiseType
FNDA:0,_ZN14EnagaProcessor10SetLfoRateEf
FNDA:0,_ZN14EnagaProcessor15SetLfoIntensityEf
FNDA:0,_ZN14EnagaProcessor10SetLfoModeE7LfoMode
FNDA:0,_ZN14EnagaProcessor11StartFadeInEv
FNDA:0,_ZN14EnagaProcessor12StartFadeOutEv
FNDA:0,_ZN14EnagaProcessor13prepareToPlayEdi
FNDA:0,_ZN14EnagaProcessor16releaseResourcesEv
FNDA:0,_ZN14EnagaProcessor12processBlockERN4juce11AudioBufferIfEERNS0_10MidiBufferE
FNDA:0,_ZN14EnagaProcessor12createEditorEv
FNDA:0,_ZNK14EnagaProcessor7getNameEv
FNDA:0,_ZN14EnagaProcessor19getStateInformationERN4juce11MemoryBlockE
FNDA:0,_ZN14EnagaProcessor19setStateInformationEPKvi
FNF:16
FNH:1
BRDA:15,0,0,1
BRDA:15,e0,1,0
BRDA:15,0,2,1
BRDA:15,e0,3,0
BRDA:16,0,0,1
BRDA:16,e0,1,0
BRDA:16,0,2,1
BRDA:16,e0,3,0
BRDA:16,0,4,1
BRDA:16,e0,5,0
BRDA:67,0,0,-
BRDA:67,e0,1,-
BRDA:67,0,2,-
BRDA:67,0,3,-
BRF:14
BRH:5
DA:14,1
DA:15,2
DA:16,3
DA:22,0
DA:23,0
DA:24,0
DA:26,0
DA:27,0
DA:28,0
DA:30,0
DA:31,0
DA:32,0
DA:34,0
DA:35,0
DA:36,0
DA:38,0
DA:39,0
DA:40,0
DA:42,0
DA:43,0
DA:44,0
DA:46,0
DA:48,0
DA:54,0
DA:56,0
DA:57,0
DA:59,0
DA:61,0
DA:63,0
DA:64,0
DA:66,0
DA:67,0
DA:70,0
DA:72,0
DA:74,0
DA:76,0
DA:79,0
LF:37
LH:3
end_of_record
TN:
SF:/home/runner/work/Enaga/Enaga/Plugin/Source/processor.h
FN:29,29,_ZN14EnagaProcessorD0Ev
FN:29,29,_ZN14EnagaProcessorD2Ev
FN:55,55,_ZNK14EnagaProcessor9hasEditorEv
FN:59,59,_ZNK14EnagaProcessor11acceptsMidiEv
FN:60,60,_ZNK14EnagaProcessor12producesMidiEv
FN:61,61,_ZNK14EnagaProcessor12isMidiEffectEv
FN:62,62,_ZNK14EnagaProcessor20getTailLengthSecondsEv
FN:64,64,_ZN14EnagaProcessor14getNumProgramsEv
FN:65,65,_ZN14EnagaProcessor17getCurrentProgramEv
FN:66,66,_ZN14EnagaProcessor17setCurrentProgramEi
FN:67,67,_ZN14EnagaProcessor14getProgramNameEi
FN:68,68,_ZN14EnagaProcessor17changeProgramNameEiRKN4juce6StringE
FN:76,76,_ZN14EnagaProcessor24getLeakedObjectClassNameEv
FNDA:1,_ZN14EnagaProcessorD0Ev
FNDA:1,_ZN14EnagaProcessorD2Ev
FNDA:0,_ZNK14EnagaProcessor9hasEditorEv
FNDA:0,_ZNK14EnagaProcessor11acceptsMidiEv
FNDA:0,_ZNK14EnagaProcessor12producesMidiEv
FNDA:0,_ZNK14EnagaProcessor12isMidiEffectEv
FNDA:0,_ZNK14EnagaProcessor20getTailLengthSecondsEv
FNDA:0,_ZN14EnagaProcessor14getNumProgramsEv
FNDA:0,_ZN14EnagaProcessor17getCurrentProgramEv
FNDA:0,_ZN14EnagaProcessor17setCurrentProgramEi
FNDA:0,_ZN14EnagaProcessor14getProgramNameEi
FNDA:0,_ZN14EnagaProcessor17changeProgramNameEiRKN4juce6StringE
FNDA:0,_ZN14EnagaProcessor24getLeakedObjectClassNameEv
FNF:13
FNH:2
DA:29,2
DA:55,0
DA:59,0
DA:60,0
DA:61,0
DA:62,0
DA:64,0
DA:65,0
DA:66,0
DA:67,0
DA:68,0
DA:76,0
LF:12
LH:1
end_of_record
TN:
SF:/home/runner/work/Enaga/Enaga/Plugin/Source/processor_controls.h
FN:20,20,_ZN22EnagaProcessorControlsD0Ev
FN:20,20,_ZN22EnagaProcessorControlsD2Ev
FNDA:0,_ZN22EnagaProcessorControlsD0Ev
FNDA:3,_ZN22EnagaProcessorControlsD2Ev
FNF:2
FNH:1
DA:20,3
LF:1
LH:1
end_of_record
TN:
SF:/home/runner/work/Enaga/Enaga/Plugin/Source/processor_core.cpp
FN:103,106,_ZN18EnagaProcessorCore12ProcessBlockERN4juce11AudioBufferIfEE
FN:14,16,_ZN12_GLOBAL__N_123NoiseAudioSourceAdapter9SetCutoffEf
FN:18,18,_ZN12_GLOBAL__N_123NoiseAudioSourceAdapter7SetGainEf
FN:20,22,_ZN12_GLOBAL__N_123NoiseAudioSourceAdapter12SetNoiseTypeE9NoiseType
FN:24,26,_ZN12_GLOBAL__N_123NoiseAudioSourceAdapter10SetLfoRateEf
FN:28,30,_ZN12_GLOBAL__N_123NoiseAudioSourceAdapter15SetLfoIntensityEf
FN:32,32,_ZN12_GLOBAL__N_123NoiseAudioSourceAdapter10SetLfoModeE7LfoMode
FN:34,34,_ZN12_GLOBAL__N_123NoiseAudioSourceAdapter11StartFadeInEv
FN:36,36,_ZN12_GLOBAL__N_123NoiseAudioSourceAdapter12StartFadeOutEv
FN:38,41,_ZN12_GLOBAL__N_123NoiseAudioSourceAdapter13PrepareToPlayEid
FN:43,43,_ZN12_GLOBAL__N_123NoiseAudioSourceAdapter16ReleaseResourcesEv
FN:45,47,_ZN12_GLOBAL__N_123NoiseAudioSourceAdapter17GetNextAudioBlockERKN4juce22AudioSourceChannelInfoE
FN:55,56,_ZN18EnagaProcessorCoreC2Ev
FN:58,60,_ZN18EnagaProcessorCoreC2ESt10unique_ptrI16EnagaNoiseSourceSt14default_deleteIS1_EE
FN:62,64,_ZN18EnagaProcessorCore9SetCutoffEf
FN:66,68,_ZN18EnagaProcessorCore7SetGainEf
FN:70,72,_ZN18EnagaProcessorCore12SetNoiseTypeE9NoiseType
FN:74,76,_ZN18EnagaProcessorCore10SetLfoRateEf
FN:78,80,_ZN18EnagaProcessorCore15SetLfoIntensityEf
FN:82,84,_ZN18EnagaProcessorCore10SetLfoModeE7LfoMode
FN:86,88,_ZN18EnagaProcessorCore11StartFadeInEv
FN:90,92,_ZN18EnagaProcessorCore12StartFadeOutEv
FN:94,97,_ZN18EnagaProcessorCore13PrepareToPlayEdi
FN:99,101,_ZN18EnagaProcessorCore16ReleaseResourcesEv
FNDA:1,_ZN18EnagaProcessorCore12ProcessBlockERN4juce11AudioBufferIfEE
FNDA:0,_ZN12_GLOBAL__N_123NoiseAudioSourceAdapter9SetCutoffEf
FNDA:0,_ZN12_GLOBAL__N_123NoiseAudioSourceAdapter7SetGainEf
FNDA:0,_ZN12_GLOBAL__N_123NoiseAudioSourceAdapter12SetNoiseTypeE9NoiseType
FNDA:0,_ZN12_GLOBAL__N_123NoiseAudioSourceAdapter10SetLfoRateEf
FNDA:0,_ZN12_GLOBAL__N_123NoiseAudioSourceAdapter15SetLfoIntensityEf
FNDA:0,_ZN12_GLOBAL__N_123NoiseAudioSourceAdapter10SetLfoModeE7LfoMode
FNDA:0,_ZN12_GLOBAL__N_123NoiseAudioSourceAdapter11StartFadeInEv
FNDA:0,_ZN12_GLOBAL__N_123NoiseAudioSourceAdapter12StartFadeOutEv
FNDA:0,_ZN12_GLOBAL__N_123NoiseAudioSourceAdapter13PrepareToPlayEid
FNDA:0,_ZN12_GLOBAL__N_123NoiseAudioSourceAdapter16ReleaseResourcesEv
FNDA:0,_ZN12_GLOBAL__N_123NoiseAudioSourceAdapter17GetNextAudioBlockERKN4juce22AudioSourceChannelInfoE
FNDA:1,_ZN18EnagaProcessorCoreC2Ev
FNDA:2,_ZN18EnagaProcessorCoreC2ESt10unique_ptrI16EnagaNoiseSourceSt14default_deleteIS1_EE
FNDA:1,_ZN18EnagaProcessorCore9SetCutoffEf
FNDA:1,_ZN18EnagaProcessorCore7SetGainEf
FNDA:1,_ZN18EnagaProcessorCore12SetNoiseTypeE9NoiseType
FNDA:1,_ZN18EnagaProcessorCore10SetLfoRateEf
FNDA:1,_ZN18EnagaProcessorCore15SetLfoIntensityEf
FNDA:1,_ZN18EnagaProcessorCore10SetLfoModeE7LfoMode
FNDA:1,_ZN18EnagaProcessorCore11StartFadeInEv
FNDA:1,_ZN18EnagaProcessorCore12StartFadeOutEv
FNDA:1,_ZN18EnagaProcessorCore13PrepareToPlayEdi
FNDA:1,_ZN18EnagaProcessorCore16ReleaseResourcesEv
FNF:24
FNH:13
BRDA:56,0,0,1
BRDA:56,e0,1,0
BRDA:105,0,0,1
BRDA:105,e0,1,0
BRF:4
BRH:2
DA:14,0
DA:15,0
DA:16,0
DA:18,0
DA:20,0
DA:21,0
DA:22,0
DA:24,0
DA:25,0
DA:26,0
DA:28,0
DA:29,0
DA:30,0
DA:32,0
DA:34,0
DA:36,0
DA:38,0
DA:40,0
DA:41,0
DA:43,0
DA:45,0
DA:46,0
DA:47,0
DA:55,1
DA:56,1
DA:58,2
DA:59,2
DA:60,2
DA:62,1
DA:63,1
DA:64,1
DA:66,1
DA:67,1
DA:68,1
DA:70,1
DA:71,1
DA:72,1
DA:74,1
DA:75,1
DA:76,1
DA:78,1
DA:79,1
DA:80,1
DA:82,1
DA:83,1
DA:84,1
DA:86,1
DA:87,1
DA:88,1
DA:90,1
DA:91,1
DA:92,1
DA:94,1
DA:96,1
DA:97,1
DA:99,1
DA:100,1
DA:101,1
DA:103,1
DA:104,1
DA:105,1
DA:106,1
LF:62
LH:39
end_of_record
TN:
SF:/home/runner/work/Enaga/Enaga/Plugin/Source/processor_core.h
FN:19,19,_ZN16EnagaNoiseSourceD0Ev
FN:19,19,_ZN16EnagaNoiseSourceD2Ev
FNDA:0,_ZN16EnagaNoiseSourceD0Ev
FNDA:2,_ZN16EnagaNoiseSourceD2Ev
FNF:2
FNH:1
DA:19,2
LF:1
LH:1
end_of_record
TN:
SF:/home/runner/work/Enaga/Enaga/Plugin/Source/ui/enaga_look_and_feel.cpp
FN:35,69,_ZN16EnagaLookAndFeel16drawLinearSliderERN4juce8GraphicsEiiiifffNS0_6Slider11SliderStyleERS3_
FN:8,33,_ZN16EnagaLookAndFeelC2Ev
FNDA:0,_ZN16EnagaLookAndFeel16drawLinearSliderERN4juce8GraphicsEiiiifffNS0_6Slider11SliderStyleERS3_
FNDA:0,_ZN16EnagaLookAndFeelC2Ev
FNF:2
FNH:0
BRDA:41,0,0,-
BRDA:41,e0,1,-
BRDA:46,0,0,-
BRDA:46,0,1,-
BRDA:49,0,0,-
BRDA:49,0,1,-
BRDA:61,0,0,-
BRDA:61,0,1,-
BRDA:66,0,0,-
BRDA:66,e0,1,-
BRDA:67,0,0,-
BRDA:67,e0,1,-
BRF:12
BRH:0
DA:8,0
DA:9,0
DA:10,0
DA:11,0
DA:12,0
DA:14,0
DA:15,0
DA:16,0
DA:17,0
DA:18,0
DA:19,0
DA:20,0
DA:21,0
DA:22,0
DA:23,0
DA:24,0
DA:25,0
DA:26,0
DA:27,0
DA:29,0
DA:30,0
DA:31,0
DA:32,0
DA:33,0
DA:35,0
DA:41,0
DA:46,0
DA:48,0
DA:49,0
DA:51,0
DA:52,0
DA:53,0
DA:55,0
DA:56,0
DA:57,0
DA:59,0
DA:61,0
DA:62,0
DA:64,0
DA:65,0
DA:66,0
DA:67,0
LF:42
LH:0
end_of_record
TN:
SF:/home/runner/work/Enaga/Enaga/Plugin/Source/ui/lfo_component.cpp
FN:102,106,_ZZN12LfoComponent20SetupIntensitySliderEvENKUlvE_clEv
FN:110,118,_ZN12LfoComponent22SetupIntensityValueBoxEv
FN:115,115,_ZZN12LfoComponent22SetupIntensityValueBoxEvENKUlvE_clEv
FN:116,116,_ZZN12LfoComponent22SetupIntensityValueBoxEvENKUlvE0_clEv
FN:120,128,_ZN12LfoComponent11SetupLabelsEv
FN:130,146,_ZN12LfoComponent20UpdateModeButtonTextEv
FN:148,150,_ZN12LfoComponent16SyncRateValueBoxEv
FN:152,157,_ZN12LfoComponent17ApplyRateValueBoxEv
FN:159,162,_ZN12LfoComponent21SyncIntensityValueBoxEv
FN:164,169,_ZN12LfoComponent22ApplyIntensityValueBoxEv
FN:21,47,_ZN12LfoComponent7resizedEv
FN:49,71,_ZN12LfoComponent15SetupModeButtonEv
FN:51,69,_ZZN12LfoComponent15SetupModeButtonEvENKUlvE_clEv
FN:73,85,_ZN12LfoComponent15SetupRateSliderEv
FN:8,19,_ZN12LfoComponentC2ESt8functionIFvfEES2_S0_IFv7LfoModeEE
FN:80,83,_ZZN12LfoComponent15SetupRateSliderEvENKUlvE_clEv
FN:87,95,_ZN12LfoComponent17SetupRateValueBoxEv
FN:92,92,_ZZN12LfoComponent17SetupRateValueBoxEvENKUlvE_clEv
FN:93,93,_ZZN12LfoComponent17SetupRateValueBoxEvENKUlvE0_clEv
FN:97,108,_ZN12LfoComponent20SetupIntensitySliderEv
FNDA:0,_ZZN12LfoComponent20SetupIntensitySliderEvENKUlvE_clEv
FNDA:0,_ZN12LfoComponent22SetupIntensityValueBoxEv
FNDA:0,_ZZN12LfoComponent22SetupIntensityValueBoxEvENKUlvE_clEv
FNDA:0,_ZZN12LfoComponent22SetupIntensityValueBoxEvENKUlvE0_clEv
FNDA:0,_ZN12LfoComponent11SetupLabelsEv
FNDA:0,_ZN12LfoComponent20UpdateModeButtonTextEv
FNDA:0,_ZN12LfoComponent16SyncRateValueBoxEv
FNDA:0,_ZN12LfoComponent17ApplyRateValueBoxEv
FNDA:0,_ZN12LfoComponent21SyncIntensityValueBoxEv
FNDA:0,_ZN12LfoComponent22ApplyIntensityValueBoxEv
FNDA:0,_ZN12LfoComponent7resizedEv
FNDA:0,_ZN12LfoComponent15SetupModeButtonEv
FNDA:0,_ZZN12LfoComponent15SetupModeButtonEvENKUlvE_clEv
FNDA:0,_ZN12LfoComponent15SetupRateSliderEv
FNDA:0,_ZN12LfoComponentC2ESt8functionIFvfEES2_S0_IFv7LfoModeEE
FNDA:0,_ZZN12LfoComponent15SetupRateSliderEvENKUlvE_clEv
FNDA:0,_ZN12LfoComponent17SetupRateValueBoxEv
FNDA:0,_ZZN12LfoComponent17SetupRateValueBoxEvENKUlvE_clEv
FNDA:0,_ZZN12LfoComponent17SetupRateValueBoxEvENKUlvE0_clEv
FNDA:0,_ZN12LfoComponent20SetupIntensitySliderEv
FNF:20
FNH:0
BRDA:12,0,0,-
BRDA:12,e0,1,-
BRDA:12,0,2,-
BRDA:12,e0,3,-
BRDA:12,0,4,-
BRDA:12,e0,5,-
BRDA:12,0,6,-
BRDA:12,e0,7,-
BRDA:12,0,8,-
BRDA:12,e0,9,-
BRDA:12,0,10,-
BRDA:12,e0,11,-
BRDA:12,0,12,-
BRDA:12,e0,13,-
BRDA:13,0,0,-
BRDA:13,e0,1,-
BRDA:14,0,0,-
BRDA:14,e0,1,-
BRDA:15,0,0,-
BRDA:15,e0,1,-
BRDA:16,0,0,-
BRDA:16,e0,1,-
BRDA:17,0,0,-
BRDA:17,e0,1,-
BRDA:18,0,0,-
BRDA:18,e0,1,-
BRDA:30,0,0,-
BRDA:30,e0,1,-
BRDA:36,0,0,-
BRDA:36,e0,1,-
BRDA:37,0,0,-
BRDA:37,e0,1,-
BRDA:39,0,0,-
BRDA:39,e0,1,-
BRDA:43,0,0,-
BRDA:43,e0,1,-
BRDA:44,0,0,-
BRDA:44,e0,1,-
BRDA:46,0,0,-
BRDA:46,e0,1,-
BRDA:50,0,0,-
BRDA:50,e0,1,-
BRDA:50,0,2,-
BRDA:50,e0,3,-
BRDA:53,0,0,-
BRDA:53,0,1,-
BRDA:53,0,2,-
BRDA:53,0,3,-
BRDA:53,0,4,-
BRDA:68,0,0,-
BRDA:68,0,1,-
BRDA:82,0,0,-
BRDA:82,0,1,-
BRDA:89,0,0,-
BRDA:89,e0,1,-
BRDA:89,0,2,-
BRDA:89,e0,3,-
BRDA:90,0,0,-
BRDA:90,e0,1,-
BRDA:90,0,2,-
BRDA:90,e0,3,-
BRDA:90,0,4,-
BRDA:90,e0,5,-
BRDA:91,0,0,-
BRDA:91,e0,1,-
BRDA:104,0,0,-
BRDA:104,0,1,-
BRDA:112,0,0,-
BRDA:112,e0,1,-
BRDA:112,0,2,-
BRDA:112,e0,3,-
BRDA:113,0,0,-
BRDA:113,e0,1,-
BRDA:113,0,2,-
BRDA:113,e0,3,-
BRDA:114,0,0,-
BRDA:114,e0,1,-
BRDA:121,0,0,-
BRDA:121,e0,1,-
BRDA:121,0,2,-
BRDA:121,e0,3,-
BRDA:122,0,0,-
BRDA:122,e0,1,-
BRDA:125,0,0,-
BRDA:125,e0,1,-
BRDA:125,0,2,-
BRDA:125,e0,3,-
BRDA:126,0,0,-
BRDA:126,e0,1,-
BRDA:132,0,0,-
BRDA:132,0,1,-
BRDA:132,0,2,-
BRDA:132,0,3,-
BRDA:145,0,0,-
BRDA:145,e0,1,-
BRDA:145,0,2,-
BRDA:145,e0,3,-
BRDA:149,0,0,-
BRDA:149,e0,1,-
BRDA:149,0,2,-
BRDA:149,e0,3,-
BRDA:149,0,4,-
BRDA:149,e0,5,-
BRDA:154,0,0,-
BRDA:154,e0,1,-
BRDA:160,0,0,-
BRDA:160,e0,1,-
BRDA:160,0,2,-
BRDA:160,e0,3,-
BRDA:160,0,4,-
BRDA:160,e0,5,-
BRDA:166,0,0,-
BRDA:166,e0,1,-
BRF:113
BRH:0
DA:8,0
DA:9,0
DA:10,0
DA:11,0
DA:12,0
DA:13,0
DA:14,0
DA:15,0
DA:16,0
DA:17,0
DA:18,0
DA:19,0
DA:21,0
DA:22,0
DA:23,0
DA:24,0
DA:25,0
DA:27,0
DA:30,0
DA:31,0
DA:34,0
DA:35,0
DA:36,0
DA:37,0
DA:38,0
DA:39,0
DA:42,0
DA:43,0
DA:44,0
DA:45,0
DA:46,0
DA:47,0
DA:49,0
DA:50,0
DA:51,0
DA:53,0
DA:54,0
DA:55,0
DA:56,0
DA:57,0
DA:58,0
DA:59,0
DA:60,0
DA:61,0
DA:62,0
DA:63,0
DA:64,0
DA:65,0
DA:67,0
DA:68,0
DA:69,0
DA:70,0
DA:71,0
DA:73,0
DA:74,0
DA:75,0
DA:76,0
DA:78,0
DA:79,0
DA:80,0
DA:81,0
DA:82,0
DA:83,0
DA:84,0
DA:85,0
DA:87,0
DA:89,0
DA:90,0
DA:91,0
DA:92,0
DA:93,0
DA:94,0
DA:95,0
DA:97,0
DA:98,0
DA:99,0
DA:100,0
DA:101,0
DA:102,0
DA:103,0
DA:104,0
DA:105,0
DA:106,0
DA:107,0
DA:108,0
DA:110,0
DA:112,0
DA:113,0
DA:114,0
DA:115,0
DA:116,0
DA:117,0
DA:118,0
DA:120,0
DA:121,0
DA:122,0
DA:123,0
DA:125,0
DA:126,0
DA:127,0
DA:128,0
DA:130,0
DA:131,0
DA:132,0
DA:133,0
DA:134,0
DA:135,0
DA:136,0
DA:137,0
DA:138,0
DA:139,0
DA:140,0
DA:141,0
DA:142,0
DA:143,0
DA:145,0
DA:146,0
DA:148,0
DA:149,0
DA:150,0
DA:152,0
DA:154,0
DA:155,0
DA:156,0
DA:157,0
DA:159,0
DA:160,0
DA:162,0
DA:164,0
DA:166,0
DA:167,0
DA:168,0
DA:169,0
LF:133
LH:0
end_of_record
TN:
SF:/home/runner/work/Enaga/Enaga/Plugin/Source/ui/main_component.cpp
FN:14,41,_ZN13MainComponentC2ENS_14AudioCallbacksE
FN:17,19,_ZZN13MainComponentC4ENS_14AudioCallbacksEENKUlfE_clEf
FN:175,178,_ZN13MainComponent5paintERN4juce8GraphicsE
FN:184,190,_ZN13MainComponent15SetupPlayButtonEv
FN:185,188,_ZZN13MainComponent15SetupPlayButtonEvENKUlvE_clEv
FN:192,227,_ZN13MainComponent19SetupDiscreteSliderEv
FN:199,212,_ZZN13MainComponent19SetupDiscreteSliderEvENKUldE_clEd
FN:20,23,_ZZN13MainComponentC4ENS_14AudioCallbacksEENKUlfE0_clEf
FN:214,220,_ZZN13MainComponent19SetupDiscreteSliderEvENKUlRKN4juce6StringEE_clES3_
FN:222,225,_ZZN13MainComponent19SetupDiscreteSliderEvENKUlvE_clEv
FN:229,240,_ZN13MainComponent21SetupContinuousSliderEv
FN:234,238,_ZZN13MainComponent21SetupContinuousSliderEvENKUlvE_clEv
FN:24,26,_ZZN13MainComponentC4ENS_14AudioCallbacksEENKUl7LfoModeE_clES1_
FN:242,251,_ZN13MainComponent13SetupValueBoxEv
FN:248,248,_ZZN13MainComponent13SetupValueBoxEvENKUlvE_clEv
FN:249,249,_ZZN13MainComponent13SetupValueBoxEvENKUlvE0_clEv
FN:253,265,_ZN13MainComponent11SetupLabelsEv
FN:267,280,_ZN13MainComponent21SetupMobileMenuButtonEv
FN:283,294,_ZN13MainComponent17SetupVolumeSliderEv
FN:288,292,_ZZN13MainComponent17SetupVolumeSliderEvENKUlvE_clEv
FN:326,352,_ZN13MainComponent14PaintImageAreaERN4juce8GraphicsE
FN:358,361,_ZN13MainComponent12SyncValueBoxEv
FN:363,368,_ZN13MainComponent13ApplyValueBoxEv
FN:374,401,_ZN13MainComponent10SavePresetEv
FN:383,400,_ZZN13MainComponent10SavePresetEvENKUlRKN4juce11FileChooserEE_clES3_
FN:403,437,_ZN13MainComponent10LoadPresetEv
FN:412,436,_ZZN13MainComponent10LoadPresetEvENKUlRKN4juce11FileChooserEE_clES3_
FN:43,47,_ZN13MainComponentD0Ev
FN:43,47,_ZN13MainComponentD2Ev
FN:53,53,_ZN13MainComponent15getMenuBarNamesEv
FN:55,65,_ZN13MainComponent15getMenuForIndexEiRKN4juce6StringE
FN:67,84,_ZN13MainComponent16menuItemSelectedEii
FN:90,173,_ZN13MainComponent7resizedEv
FNDA:0,_ZN13MainComponentC2ENS_14AudioCallbacksE
FNDA:0,_ZZN13MainComponentC4ENS_14AudioCallbacksEENKUlfE_clEf
FNDA:0,_ZN13MainComponent5paintERN4juce8GraphicsE
FNDA:0,_ZN13MainComponent15SetupPlayButtonEv
FNDA:0,_ZZN13MainComponent15SetupPlayButtonEvENKUlvE_clEv
FNDA:0,_ZN13MainComponent19SetupDiscreteSliderEv
FNDA:0,_ZZN13MainComponent19SetupDiscreteSliderEvENKUldE_clEd
FNDA:0,_ZZN13MainComponentC4ENS_14AudioCallbacksEENKUlfE0_clEf
FNDA:0,_ZZN13MainComponent19SetupDiscreteSliderEvENKUlRKN4juce6StringEE_clES3_
FNDA:0,_ZZN13MainComponent19SetupDiscreteSliderEvENKUlvE_clEv
FNDA:0,_ZN13MainComponent21SetupContinuousSliderEv
FNDA:0,_ZZN13MainComponent21SetupContinuousSliderEvENKUlvE_clEv
FNDA:0,_ZZN13MainComponentC4ENS_14AudioCallbacksEENKUl7LfoModeE_clES1_
FNDA:0,_ZN13MainComponent13SetupValueBoxEv
FNDA:0,_ZZN13MainComponent13SetupValueBoxEvENKUlvE_clEv
FNDA:0,_ZZN13MainComponent13SetupValueBoxEvENKUlvE0_clEv
FNDA:0,_ZN13MainComponent11SetupLabelsEv
FNDA:0,_ZN13MainComponent21SetupMobileMenuButtonEv
FNDA:0,_ZN13MainComponent17SetupVolumeSliderEv
FNDA:0,_ZZN13MainComponent17SetupVolumeSliderEvENKUlvE_clEv
FNDA:0,_ZN13MainComponent14PaintImageAreaERN4juce8GraphicsE
FNDA:0,_ZN13MainComponent12SyncValueBoxEv
FNDA:0,_ZN13MainComponent13ApplyValueBoxEv
FNDA:0,_ZN13MainComponent10SavePresetEv
FNDA:0,_ZZN13MainComponent10SavePresetEvENKUlRKN4juce11FileChooserEE_clES3_
FNDA:0,_ZN13MainComponent10LoadPresetEv
FNDA:0,_ZZN13MainComponent10LoadPresetEvENKUlRKN4juce11FileChooserEE_clES3_
FNDA:0,_ZN13MainComponentD0Ev
FNDA:0,_ZN13MainComponentD2Ev
FNDA:0,_ZN13MainComponent15getMenuBarNamesEv
FNDA:0,_ZN13MainComponent15getMenuForIndexEiRKN4juce6StringE
FNDA:0,_ZN13MainComponent16menuItemSelectedEii
FNDA:0,_ZN13MainComponent7resizedEv
FNF:33
FNH:0
BRDA:16,0,0,-
BRDA:16,e0,1,-
BRDA:18,0,0,-
BRDA:18,0,1,-
BRDA:21,0,0,-
BRDA:21,0,1,-
BRDA:25,0,0,-
BRDA:25,0,1,-
BRDA:26,0,0,-
BRDA:26,e0,1,-
BRDA:26,0,2,-
BRDA:26,e0,3,-
BRDA:26,0,4,-
BRDA:26,e0,5,-
BRDA:26,0,6,-
BRDA:26,e0,7,-
BRDA:26,0,8,-
BRDA:26,e0,9,-
BRDA:26,0,10,-
BRDA:26,e0,11,-
BRDA:26,0,12,-
BRDA:26,e0,13,-
BRDA:26,0,14,-
BRDA:26,e0,15,-
BRDA:26,0,16,-
BRDA:26,e0,17,-
BRDA:27,0,0,-
BRDA:27,e0,1,-
BRDA:28,0,0,-
BRDA:28,e0,1,-
BRDA:29,0,0,-
BRDA:29,e0,1,-
BRDA:30,0,0,-
BRDA:30,e0,1,-
BRDA:31,0,0,-
BRDA:31,e0,1,-
BRDA:32,0,0,-
BRDA:32,e0,1,-
BRDA:33,0,0,-
BRDA:33,e0,1,-
BRDA:38,0,0,-
BRDA:38,e0,1,-
BRDA:39,0,0,-
BRDA:39,e0,1,-
BRDA:53,0,0,-
BRDA:53,e0,1,-
BRDA:58,0,0,-
BRDA:58,e0,1,-
BRDA:58,0,2,-
BRDA:58,e0,3,-
BRDA:59,0,0,-
BRDA:59,e0,1,-
BRDA:59,0,2,-
BRDA:59,e0,3,-
BRDA:61,0,0,-
BRDA:61,e0,1,-
BRDA:62,0,0,-
BRDA:62,e0,1,-
BRDA:62,0,2,-
BRDA:62,e0,3,-
BRDA:69,0,0,-
BRDA:69,0,1,-
BRDA:69,0,2,-
BRDA:69,0,3,-
BRDA:95,0,0,-
BRDA:95,e0,1,-
BRDA:126,0,0,-
BRDA:126,e0,1,-
BRDA:129,0,0,-
BRDA:129,e0,1,-
BRDA:131,0,0,-
BRDA:131,e0,1,-
BRDA:135,0,0,-
BRDA:135,e0,1,-
BRDA:138,0,0,-
BRDA:138,e0,1,-
BRDA:140,0,0,-
BRDA:140,e0,1,-
BRDA:149,0,0,-
BRDA:149,e0,1,-
BRDA:150,0,0,-
BRDA:150,e0,1,-
BRDA:172,0,0,-
BRDA:172,e0,1,-
BRDA:176,0,0,-
BRDA:176,e0,1,-
BRDA:186,0,0,-
BRDA:186,0,1,-
BRDA:200,0,0,-
BRDA:200,0,1,-
BRDA:200,0,2,-
BRDA:200,0,3,-
BRDA:200,0,4,-
BRDA:215,0,0,-
BRDA:215,e0,1,-
BRDA:216,0,0,-
BRDA:216,0,1,-
BRDA:217,0,0,-
BRDA:217,0,1,-
BRDA:218,0,0,-
BRDA:218,0,1,-
BRDA:223,0,0,-
BRDA:223,0,1,-
BRDA:236,0,0,-
BRDA:236,0,1,-
BRDA:244,0,0,-
BRDA:244,e0,1,-
BRDA:244,0,2,-
BRDA:244,e0,3,-
BRDA:245,0,0,-
BRDA:245,e0,1,-
BRDA:245,0,2,-
BRDA:245,e0,3,-
BRDA:247,0,0,-
BRDA:247,e0,1,-
BRDA:254,0,0,-
BRDA:254,e0,1,-
BRDA:254,0,2,-
BRDA:254,e0,3,-
BRDA:255,0,0,-
BRDA:255,e0,1,-
BRDA:258,0,0,-
BRDA:258,e0,1,-
BRDA:258,0,2,-
BRDA:258,e0,3,-
BRDA:259,0,0,-
BRDA:259,e0,1,-
BRDA:262,0,0,-
BRDA:262,e0,1,-
BRDA:262,0,2,-
BRDA:262,e0,3,-
BRDA:263,0,0,-
BRDA:263,e0,1,-
BRDA:289,0,0,-
BRDA:289,0,1,-
BRDA:327,0,0,-
BRDA:327,e0,1,-
BRDA:328,0,0,-
BRDA:328,e0,1,-
BRDA:334,0,0,-
BRDA:334,e0,1,-
BRDA:335,0,0,-
BRDA:335,e0,1,-
BRDA:341,0,0,-
BRDA:341,e0,1,-
BRDA:342,0,0,-
BRDA:342,0,1,-
BRDA:343,0,0,-
BRDA:343,e0,1,-
BRDA:345,0,0,-
BRDA:345,e0,1,-
BRDA:348,0,0,-
BRDA:348,e0,1,-
BRDA:349,0,0,-
BRDA:349,e0,1,-
BRDA:350,0,0,-
BRDA:350,e0,1,-
BRDA:350,0,2,-
BRDA:350,e0,3,-
BRDA:350,0,4,-
BRDA:350,e0,5,-
BRDA:350,0,6,-
BRDA:350,e0,7,-
BRDA:350,0,8,-
BRDA:350,e0,9,-
BRDA:351,0,0,-
BRDA:351,e0,1,-
BRDA:351,0,2,-
BRDA:351,e0,3,-
BRDA:359,0,0,-
BRDA:359,e0,1,-
BRDA:359,0,2,-
BRDA:359,e0,3,-
BRDA:359,0,4,-
BRDA:359,e0,5,-
BRDA:365,0,0,-
BRDA:365,e0,1,-
BRDA:375,0,0,-
BRDA:375,e0,1,-
BRDA:377,0,0,-
BRDA:377,e0,1,-
BRDA:383,0,0,-
BRDA:383,e0,1,-
BRDA:384,0,0,-
BRDA:384,e0,1,-
BRDA:385,0,0,-
BRDA:385,e0,1,-
BRDA:385,0,2,-
BRDA:385,0,3,-
BRDA:387,0,0,-
BRDA:387,e0,1,-
BRDA:387,0,2,-
BRDA:387,0,3,-
BRDA:387,0,4,-
BRDA:387,e0,5,-
BRDA:389,0,0,-
BRDA:389,e0,1,-
BRDA:390,0,0,-
BRDA:390,e0,1,-
BRDA:390,0,2,-
BRDA:390,e0,3,-
BRDA:390,0,4,-
BRDA:390,e0,5,-
BRDA:391,0,0,-
BRDA:391,e0,1,-
BRDA:391,0,2,-
BRDA:391,e0,3,-
BRDA:391,0,4,-
BRDA:391,e0,5,-
BRDA:392,0,0,-
BRDA:392,e0,1,-
BRDA:392,0,2,-
BRDA:392,e0,3,-
BRDA:395,0,0,-
BRDA:395,e0,1,-
BRDA:395,0,2,-
BRDA:395,e0,3,-
BRDA:395,0,4,-
BRDA:395,e0,5,-
BRDA:398,0,0,-
BRDA:398,e0,1,-
BRDA:398,0,2,-
BRDA:398,e0,3,-
BRDA:398,0,4,-
BRDA:398,0,5,-
BRDA:399,0,0,-
BRDA:399,e0,1,-
BRDA:399,0,2,-
BRDA:399,e0,3,-
BRDA:400,0,0,-
BRDA:400,0,1,-
BRDA:404,0,0,-
BRDA:404,e0,1,-
BRDA:406,0,0,-
BRDA:406,e0,1,-
BRDA:412,0,0,-
BRDA:412,e0,1,-
BRDA:413,0,0,-
BRDA:413,e0,1,-
BRDA:414,0,0,-
BRDA:414,e0,1,-
BRDA:414,0,2,-
BRDA:414,0,3,-
BRDA:416,0,0,-
BRDA:416,e0,1,-
BRDA:416,0,2,-
BRDA:416,0,3,-
BRDA:418,0,0,-
BRDA:418,e0,1,-
BRDA:420,0,0,-
BRDA:420,e0,1,-
BRDA:421,0,0,-
BRDA:421,e0,1,-
BRDA:423,0,0,-
BRDA:423,e0,1,-
BRDA:424,0,0,-
BRDA:424,e0,1,-
BRDA:425,0,0,-
BRDA:425,e0,1,-
BRDA:429,0,0,-
BRDA:429,e0,1,-
BRDA:430,0,0,-
BRDA:430,e0,1,-
BRDA:433,0,0,-
BRDA:433,0,1,-
BRDA:434,0,0,-
BRDA:434,e0,1,-
BRDA:436,0,0,-
BRDA:436,0,1,-
BRF:269
BRH:0
DA:14,0
DA:15,0
DA:16,0
DA:17,0
DA:18,0
DA:19,0
DA:20,0
DA:21,0
DA:22,0
DA:23,0
DA:24,0
DA:25,0
DA:26,0
DA:27,0
DA:28,0
DA:29,0
DA:30,0
DA:31,0
DA:32,0
DA:33,0
DA:38,0
DA:39,0
DA:41,0
DA:43,0
DA:45,0
DA:47,0
DA:53,0
DA:55,0
DA:57,0
DA:58,0
DA:59,0
DA:61,0
DA:62,0
DA:64,0
DA:65,0
DA:67,0
DA:69,0
DA:70,0
DA:71,0
DA:72,0
DA:73,0
DA:74,0
DA:75,0
DA:77,0
DA:78,0
DA:79,0
DA:81,0
DA:82,0
DA:84,0
DA:90,0
DA:91,0
DA:92,0
DA:95,0
DA:98,0
DA:101,0
DA:102,0
DA:115,0
DA:119,0
DA:120,0
DA:123,0
DA:124,0
DA:125,0
DA:126,0
DA:127,0
DA:128,0
DA:129,0
DA:130,0
DA:131,0
DA:134,0
DA:135,0
DA:137,0
DA:138,0
DA:139,0
DA:140,0
DA:144,0
DA:148,0
DA:149,0
DA:150,0
DA:169,0
DA:172,0
DA:173,0
DA:175,0
DA:176,0
DA:177,0
DA:178,0
DA:184,0
DA:185,0
DA:186,0
DA:187,0
DA:188,0
DA:189,0
DA:190,0
DA:192,0
DA:193,0
DA:194,0
DA:195,0
DA:196,0
DA:199,0
DA:200,0
DA:201,0
DA:202,0
DA:203,0
DA:204,0
DA:205,0
DA:206,0
DA:207,0
DA:208,0
DA:209,0
DA:210,0
DA:212,0
DA:214,0
DA:215,0
DA:216,0
DA:217,0
DA:218,0
DA:219,0
DA:220,0
DA:222,0
DA:223,0
DA:224,0
DA:225,0
DA:226,0
DA:227,0
DA:229,0
DA:230,0
DA:231,0
DA:232,0
DA:233,0
DA:234,0
DA:235,0
DA:236,0
DA:237,0
DA:238,0
DA:239,0
DA:240,0
DA:242,0
DA:244,0
DA:245,0
DA:247,0
DA:248,0
DA:249,0
DA:250,0
DA:251,0
DA:253,0
DA:254,0
DA:255,0
DA:256,0
DA:258,0
DA:259,0
DA:260,0
DA:262,0
DA:263,0
DA:264,0
DA:265,0
DA:267,0
DA:280,0
DA:283,0
DA:284,0
DA:285,0
DA:286,0
DA:287,0
DA:288,0
DA:289,0
DA:290,0
DA:292,0
DA:293,0
DA:294,0
DA:326,0
DA:327,0
DA:328,0
DA:334,0
DA:335,0
DA:337,0
DA:338,0
DA:339,0
DA:340,0
DA:341,0
DA:342,0
DA:343,0
DA:344,0
DA:345,0
DA:348,0
DA:349,0
DA:350,0
DA:351,0
DA:352,0
DA:358,0
DA:359,0
DA:361,0
DA:363,0
DA:364,0
DA:365,0
DA:366,0
DA:367,0
DA:368,0
DA:374,0
DA:375,0
DA:377,0
DA:378,0
DA:380,0
DA:383,0
DA:384,0
DA:385,0
DA:387,0
DA:389,0
DA:390,0
DA:391,0
DA:392,0
DA:393,0
DA:395,0
DA:398,0
DA:399,0
DA:400,0
DA:401,0
DA:403,0
DA:404,0
DA:406,0
DA:407,0
DA:409,0
DA:412,0
DA:413,0
DA:414,0
DA:416,0
DA:418,0
DA:420,0
DA:421,0
DA:423,0
DA:424,0
DA:425,0
DA:429,0
DA:430,0
DA:433,0
DA:434,0
DA:435,0
DA:436,0
DA:437,0
LF:236
LH:0
end_of_record
TN:
SF:/home/runner/work/Enaga/Enaga/Plugin/Source/ui/play_button.cpp
FN:12,33,_ZN10PlayButton11paintButtonERN4juce8GraphicsEbb
FN:8,10,_ZN10PlayButtonC2Ev
FNDA:0,_ZN10PlayButton11paintButtonERN4juce8GraphicsEbb
FNDA:0,_ZN10PlayButtonC2Ev
FNF:2
FNH:0
BRDA:8,0,0,-
BRDA:8,e0,1,-
BRDA:8,0,2,-
BRDA:8,e0,3,-
BRDA:18,0,0,-
BRDA:18,0,1,-
BRDA:20,0,0,-
BRDA:20,0,1,-
BRDA:22,0,0,-
BRDA:22,e0,1,-
BRDA:23,0,0,-
BRDA:23,e0,1,-
BRDA:26,0,0,-
BRDA:26,e0,1,-
BRDA:27,0,0,-
BRDA:27,e0,1,-
BRDA:29,0,0,-
BRDA:29,e0,1,-
BRDA:31,0,0,-
BRDA:31,e0,1,-
BRF:20
BRH:0
DA:8,0
DA:9,0
DA:10,0
DA:12,0
DA:14,0
DA:15,0
DA:17,0
DA:18,0
DA:20,0
DA:22,0
DA:23,0
DA:26,0
DA:27,0
DA:28,0
DA:29,0
DA:31,0
DA:32,0
DA:33,0
LF:18
LH:0
end_of_record
